2024-09-22 12:11:05,626 [Worker-4: Loading available Gradle versions] INFO  o.e.b.c.i.u.g.PublishedGradleVersions - Gradle version information cache is up-to-date. Trying to read.
2024-09-22 12:11:54,302 [Worker-13: Launching mavenrun-58fd6e42-df32-434c-8d63-cd1e23809d1d] INFO  o.eclipse.m2e.core.internal.Bundles - getClasspathEntries(Bundle=org.eclipse.m2e.maven.runtime_3.9.900.20240824-1409 [300])
2024-09-22 12:11:54,309 [Worker-13: Launching mavenrun-58fd6e42-df32-434c-8d63-cd1e23809d1d] INFO  o.eclipse.m2e.core.internal.Bundles - 	Entry: C:\Users\ANUSHA\Downloads\eclipse-java-2024-09-R-win32-x86_64\eclipse\plugins\org.eclipse.m2e.maven.runtime_3.9.900.20240824-1409
2024-09-22 12:11:54,310 [Worker-13: Launching mavenrun-58fd6e42-df32-434c-8d63-cd1e23809d1d] INFO  o.eclipse.m2e.core.internal.Bundles - 	Entry: C:\Users\ANUSHA\Downloads\eclipse-java-2024-09-R-win32-x86_64\eclipse\plugins\org.eclipse.m2e.maven.runtime_3.9.900.20240824-1409\jars\aopalliance-1.0.jar
2024-09-22 12:11:54,312 [Worker-13: Launching mavenrun-58fd6e42-df32-434c-8d63-cd1e23809d1d] INFO  o.eclipse.m2e.core.internal.Bundles - 	Entry: C:\Users\ANUSHA\Downloads\eclipse-java-2024-09-R-win32-x86_64\eclipse\plugins\org.eclipse.m2e.maven.runtime_3.9.900.20240824-1409\jars\guice-5.1.0.jar
2024-09-22 12:11:54,313 [Worker-13: Launching mavenrun-58fd6e42-df32-434c-8d63-cd1e23809d1d] INFO  o.eclipse.m2e.core.internal.Bundles - 	Entry: C:\Users\ANUSHA\Downloads\eclipse-java-2024-09-R-win32-x86_64\eclipse\plugins\org.eclipse.m2e.maven.runtime_3.9.900.20240824-1409\jars\httpclient-4.5.14.jar
2024-09-22 12:11:54,314 [Worker-13: Launching mavenrun-58fd6e42-df32-434c-8d63-cd1e23809d1d] INFO  o.eclipse.m2e.core.internal.Bundles - 	Entry: C:\Users\ANUSHA\Downloads\eclipse-java-2024-09-R-win32-x86_64\eclipse\plugins\org.eclipse.m2e.maven.runtime_3.9.900.20240824-1409\jars\httpcore-4.4.16.jar
2024-09-22 12:11:54,314 [Worker-13: Launching mavenrun-58fd6e42-df32-434c-8d63-cd1e23809d1d] INFO  o.eclipse.m2e.core.internal.Bundles - 	Entry: C:\Users\ANUSHA\Downloads\eclipse-java-2024-09-R-win32-x86_64\eclipse\plugins\org.eclipse.m2e.maven.runtime_3.9.900.20240824-1409\jars\jansi-2.4.1.jar
2024-09-22 12:11:54,315 [Worker-13: Launching mavenrun-58fd6e42-df32-434c-8d63-cd1e23809d1d] INFO  o.eclipse.m2e.core.internal.Bundles - 	Entry: C:\Users\ANUSHA\Downloads\eclipse-java-2024-09-R-win32-x86_64\eclipse\plugins\org.eclipse.m2e.maven.runtime_3.9.900.20240824-1409\jars\jcl-over-slf4j-1.7.36.jar
2024-09-22 12:11:54,317 [Worker-13: Launching mavenrun-58fd6e42-df32-434c-8d63-cd1e23809d1d] INFO  o.eclipse.m2e.core.internal.Bundles - 	Entry: C:\Users\ANUSHA\Downloads\eclipse-java-2024-09-R-win32-x86_64\eclipse\plugins\org.eclipse.m2e.maven.runtime_3.9.900.20240824-1409\jars\maven-artifact-3.9.9.jar
2024-09-22 12:11:54,318 [Worker-13: Launching mavenrun-58fd6e42-df32-434c-8d63-cd1e23809d1d] INFO  o.eclipse.m2e.core.internal.Bundles - 	Entry: C:\Users\ANUSHA\Downloads\eclipse-java-2024-09-R-win32-x86_64\eclipse\plugins\org.eclipse.m2e.maven.runtime_3.9.900.20240824-1409\jars\maven-builder-support-3.9.9.jar
2024-09-22 12:11:54,319 [Worker-13: Launching mavenrun-58fd6e42-df32-434c-8d63-cd1e23809d1d] INFO  o.eclipse.m2e.core.internal.Bundles - 	Entry: C:\Users\ANUSHA\Downloads\eclipse-java-2024-09-R-win32-x86_64\eclipse\plugins\org.eclipse.m2e.maven.runtime_3.9.900.20240824-1409\jars\maven-compat-3.9.9.jar
2024-09-22 12:11:54,320 [Worker-13: Launching mavenrun-58fd6e42-df32-434c-8d63-cd1e23809d1d] INFO  o.eclipse.m2e.core.internal.Bundles - 	Entry: C:\Users\ANUSHA\Downloads\eclipse-java-2024-09-R-win32-x86_64\eclipse\plugins\org.eclipse.m2e.maven.runtime_3.9.900.20240824-1409\jars\maven-core-3.9.9.jar
2024-09-22 12:11:54,321 [Worker-13: Launching mavenrun-58fd6e42-df32-434c-8d63-cd1e23809d1d] INFO  o.eclipse.m2e.core.internal.Bundles - 	Entry: C:\Users\ANUSHA\Downloads\eclipse-java-2024-09-R-win32-x86_64\eclipse\plugins\org.eclipse.m2e.maven.runtime_3.9.900.20240824-1409\jars\maven-embedder-3.9.9.jar
2024-09-22 12:11:54,322 [Worker-13: Launching mavenrun-58fd6e42-df32-434c-8d63-cd1e23809d1d] INFO  o.eclipse.m2e.core.internal.Bundles - 	Entry: C:\Users\ANUSHA\Downloads\eclipse-java-2024-09-R-win32-x86_64\eclipse\plugins\org.eclipse.m2e.maven.runtime_3.9.900.20240824-1409\jars\maven-model-3.9.9.jar
2024-09-22 12:11:54,323 [Worker-13: Launching mavenrun-58fd6e42-df32-434c-8d63-cd1e23809d1d] INFO  o.eclipse.m2e.core.internal.Bundles - 	Entry: C:\Users\ANUSHA\Downloads\eclipse-java-2024-09-R-win32-x86_64\eclipse\plugins\org.eclipse.m2e.maven.runtime_3.9.900.20240824-1409\jars\maven-model-builder-3.9.9.jar
2024-09-22 12:11:54,324 [Worker-13: Launching mavenrun-58fd6e42-df32-434c-8d63-cd1e23809d1d] INFO  o.eclipse.m2e.core.internal.Bundles - 	Entry: C:\Users\ANUSHA\Downloads\eclipse-java-2024-09-R-win32-x86_64\eclipse\plugins\org.eclipse.m2e.maven.runtime_3.9.900.20240824-1409\jars\maven-plugin-api-3.9.9.jar
2024-09-22 12:11:54,325 [Worker-13: Launching mavenrun-58fd6e42-df32-434c-8d63-cd1e23809d1d] INFO  o.eclipse.m2e.core.internal.Bundles - 	Entry: C:\Users\ANUSHA\Downloads\eclipse-java-2024-09-R-win32-x86_64\eclipse\plugins\org.eclipse.m2e.maven.runtime_3.9.900.20240824-1409\jars\maven-repository-metadata-3.9.9.jar
2024-09-22 12:11:54,326 [Worker-13: Launching mavenrun-58fd6e42-df32-434c-8d63-cd1e23809d1d] INFO  o.eclipse.m2e.core.internal.Bundles - 	Entry: C:\Users\ANUSHA\Downloads\eclipse-java-2024-09-R-win32-x86_64\eclipse\plugins\org.eclipse.m2e.maven.runtime_3.9.900.20240824-1409\jars\maven-resolver-api-1.9.22.jar
2024-09-22 12:11:54,327 [Worker-13: Launching mavenrun-58fd6e42-df32-434c-8d63-cd1e23809d1d] INFO  o.eclipse.m2e.core.internal.Bundles - 	Entry: C:\Users\ANUSHA\Downloads\eclipse-java-2024-09-R-win32-x86_64\eclipse\plugins\org.eclipse.m2e.maven.runtime_3.9.900.20240824-1409\jars\maven-resolver-connector-basic-1.9.22.jar
2024-09-22 12:11:54,328 [Worker-13: Launching mavenrun-58fd6e42-df32-434c-8d63-cd1e23809d1d] INFO  o.eclipse.m2e.core.internal.Bundles - 	Entry: C:\Users\ANUSHA\Downloads\eclipse-java-2024-09-R-win32-x86_64\eclipse\plugins\org.eclipse.m2e.maven.runtime_3.9.900.20240824-1409\jars\maven-resolver-impl-1.9.22.jar
2024-09-22 12:11:54,329 [Worker-13: Launching mavenrun-58fd6e42-df32-434c-8d63-cd1e23809d1d] INFO  o.eclipse.m2e.core.internal.Bundles - 	Entry: C:\Users\ANUSHA\Downloads\eclipse-java-2024-09-R-win32-x86_64\eclipse\plugins\org.eclipse.m2e.maven.runtime_3.9.900.20240824-1409\jars\maven-resolver-named-locks-1.9.22.jar
2024-09-22 12:11:54,330 [Worker-13: Launching mavenrun-58fd6e42-df32-434c-8d63-cd1e23809d1d] INFO  o.eclipse.m2e.core.internal.Bundles - 	Entry: C:\Users\ANUSHA\Downloads\eclipse-java-2024-09-R-win32-x86_64\eclipse\plugins\org.eclipse.m2e.maven.runtime_3.9.900.20240824-1409\jars\maven-resolver-provider-3.9.9.jar
2024-09-22 12:11:54,331 [Worker-13: Launching mavenrun-58fd6e42-df32-434c-8d63-cd1e23809d1d] INFO  o.eclipse.m2e.core.internal.Bundles - 	Entry: C:\Users\ANUSHA\Downloads\eclipse-java-2024-09-R-win32-x86_64\eclipse\plugins\org.eclipse.m2e.maven.runtime_3.9.900.20240824-1409\jars\maven-resolver-spi-1.9.22.jar
2024-09-22 12:11:54,332 [Worker-13: Launching mavenrun-58fd6e42-df32-434c-8d63-cd1e23809d1d] INFO  o.eclipse.m2e.core.internal.Bundles - 	Entry: C:\Users\ANUSHA\Downloads\eclipse-java-2024-09-R-win32-x86_64\eclipse\plugins\org.eclipse.m2e.maven.runtime_3.9.900.20240824-1409\jars\maven-resolver-transport-file-1.9.22.jar
2024-09-22 12:11:54,334 [Worker-13: Launching mavenrun-58fd6e42-df32-434c-8d63-cd1e23809d1d] INFO  o.eclipse.m2e.core.internal.Bundles - 	Entry: C:\Users\ANUSHA\Downloads\eclipse-java-2024-09-R-win32-x86_64\eclipse\plugins\org.eclipse.m2e.maven.runtime_3.9.900.20240824-1409\jars\maven-resolver-transport-http-1.9.22.jar
2024-09-22 12:11:54,335 [Worker-13: Launching mavenrun-58fd6e42-df32-434c-8d63-cd1e23809d1d] INFO  o.eclipse.m2e.core.internal.Bundles - 	Entry: C:\Users\ANUSHA\Downloads\eclipse-java-2024-09-R-win32-x86_64\eclipse\plugins\org.eclipse.m2e.maven.runtime_3.9.900.20240824-1409\jars\maven-resolver-transport-wagon-1.9.22.jar
2024-09-22 12:11:54,339 [Worker-13: Launching mavenrun-58fd6e42-df32-434c-8d63-cd1e23809d1d] INFO  o.eclipse.m2e.core.internal.Bundles - 	Entry: C:\Users\ANUSHA\Downloads\eclipse-java-2024-09-R-win32-x86_64\eclipse\plugins\org.eclipse.m2e.maven.runtime_3.9.900.20240824-1409\jars\maven-resolver-util-1.9.22.jar
2024-09-22 12:11:54,340 [Worker-13: Launching mavenrun-58fd6e42-df32-434c-8d63-cd1e23809d1d] INFO  o.eclipse.m2e.core.internal.Bundles - 	Entry: C:\Users\ANUSHA\Downloads\eclipse-java-2024-09-R-win32-x86_64\eclipse\plugins\org.eclipse.m2e.maven.runtime_3.9.900.20240824-1409\jars\maven-settings-3.9.9.jar
2024-09-22 12:11:54,341 [Worker-13: Launching mavenrun-58fd6e42-df32-434c-8d63-cd1e23809d1d] INFO  o.eclipse.m2e.core.internal.Bundles - 	Entry: C:\Users\ANUSHA\Downloads\eclipse-java-2024-09-R-win32-x86_64\eclipse\plugins\org.eclipse.m2e.maven.runtime_3.9.900.20240824-1409\jars\maven-settings-builder-3.9.9.jar
2024-09-22 12:11:54,343 [Worker-13: Launching mavenrun-58fd6e42-df32-434c-8d63-cd1e23809d1d] INFO  o.eclipse.m2e.core.internal.Bundles - 	Entry: C:\Users\ANUSHA\Downloads\eclipse-java-2024-09-R-win32-x86_64\eclipse\plugins\org.eclipse.m2e.maven.runtime_3.9.900.20240824-1409\jars\maven-shared-utils-3.4.2.jar
2024-09-22 12:11:54,344 [Worker-13: Launching mavenrun-58fd6e42-df32-434c-8d63-cd1e23809d1d] INFO  o.eclipse.m2e.core.internal.Bundles - 	Entry: C:\Users\ANUSHA\Downloads\eclipse-java-2024-09-R-win32-x86_64\eclipse\plugins\org.eclipse.m2e.maven.runtime_3.9.900.20240824-1409\jars\org.eclipse.sisu.inject-0.9.0.M3.jar
2024-09-22 12:11:54,345 [Worker-13: Launching mavenrun-58fd6e42-df32-434c-8d63-cd1e23809d1d] INFO  o.eclipse.m2e.core.internal.Bundles - 	Entry: C:\Users\ANUSHA\Downloads\eclipse-java-2024-09-R-win32-x86_64\eclipse\plugins\org.eclipse.m2e.maven.runtime_3.9.900.20240824-1409\jars\org.eclipse.sisu.plexus-0.9.0.M3.jar
2024-09-22 12:11:54,345 [Worker-13: Launching mavenrun-58fd6e42-df32-434c-8d63-cd1e23809d1d] INFO  o.eclipse.m2e.core.internal.Bundles - 	Entry: C:\Users\ANUSHA\Downloads\eclipse-java-2024-09-R-win32-x86_64\eclipse\plugins\org.eclipse.m2e.maven.runtime_3.9.900.20240824-1409\jars\plexus-build-api-0.0.7.jar
2024-09-22 12:11:54,346 [Worker-13: Launching mavenrun-58fd6e42-df32-434c-8d63-cd1e23809d1d] INFO  o.eclipse.m2e.core.internal.Bundles - 	Entry: C:\Users\ANUSHA\Downloads\eclipse-java-2024-09-R-win32-x86_64\eclipse\plugins\org.eclipse.m2e.maven.runtime_3.9.900.20240824-1409\jars\plexus-build-api-1.2.0.jar
2024-09-22 12:11:54,347 [Worker-13: Launching mavenrun-58fd6e42-df32-434c-8d63-cd1e23809d1d] INFO  o.eclipse.m2e.core.internal.Bundles - 	Entry: C:\Users\ANUSHA\Downloads\eclipse-java-2024-09-R-win32-x86_64\eclipse\plugins\org.eclipse.m2e.maven.runtime_3.9.900.20240824-1409\jars\plexus-cipher-2.0.jar
2024-09-22 12:11:54,348 [Worker-13: Launching mavenrun-58fd6e42-df32-434c-8d63-cd1e23809d1d] INFO  o.eclipse.m2e.core.internal.Bundles - 	Entry: C:\Users\ANUSHA\Downloads\eclipse-java-2024-09-R-win32-x86_64\eclipse\plugins\org.eclipse.m2e.maven.runtime_3.9.900.20240824-1409\jars\plexus-classworlds-2.8.0.jar
2024-09-22 12:11:54,349 [Worker-13: Launching mavenrun-58fd6e42-df32-434c-8d63-cd1e23809d1d] INFO  o.eclipse.m2e.core.internal.Bundles - 	Entry: C:\Users\ANUSHA\Downloads\eclipse-java-2024-09-R-win32-x86_64\eclipse\plugins\org.eclipse.m2e.maven.runtime_3.9.900.20240824-1409\jars\plexus-component-annotations-2.1.0.jar
2024-09-22 12:11:54,350 [Worker-13: Launching mavenrun-58fd6e42-df32-434c-8d63-cd1e23809d1d] INFO  o.eclipse.m2e.core.internal.Bundles - 	Entry: C:\Users\ANUSHA\Downloads\eclipse-java-2024-09-R-win32-x86_64\eclipse\plugins\org.eclipse.m2e.maven.runtime_3.9.900.20240824-1409\jars\plexus-interpolation-1.27.jar
2024-09-22 12:11:54,352 [Worker-13: Launching mavenrun-58fd6e42-df32-434c-8d63-cd1e23809d1d] INFO  o.eclipse.m2e.core.internal.Bundles - 	Entry: C:\Users\ANUSHA\Downloads\eclipse-java-2024-09-R-win32-x86_64\eclipse\plugins\org.eclipse.m2e.maven.runtime_3.9.900.20240824-1409\jars\plexus-sec-dispatcher-2.0.jar
2024-09-22 12:11:54,353 [Worker-13: Launching mavenrun-58fd6e42-df32-434c-8d63-cd1e23809d1d] INFO  o.eclipse.m2e.core.internal.Bundles - 	Entry: C:\Users\ANUSHA\Downloads\eclipse-java-2024-09-R-win32-x86_64\eclipse\plugins\org.eclipse.m2e.maven.runtime_3.9.900.20240824-1409\jars\plexus-utils-3.5.1.jar
2024-09-22 12:11:54,354 [Worker-13: Launching mavenrun-58fd6e42-df32-434c-8d63-cd1e23809d1d] INFO  o.eclipse.m2e.core.internal.Bundles - 	Entry: C:\Users\ANUSHA\Downloads\eclipse-java-2024-09-R-win32-x86_64\eclipse\plugins\org.eclipse.m2e.maven.runtime_3.9.900.20240824-1409\jars\plexus-xml-3.0.1.jar
2024-09-22 12:11:54,355 [Worker-13: Launching mavenrun-58fd6e42-df32-434c-8d63-cd1e23809d1d] INFO  o.eclipse.m2e.core.internal.Bundles - 	Entry: C:\Users\ANUSHA\Downloads\eclipse-java-2024-09-R-win32-x86_64\eclipse\plugins\org.eclipse.m2e.maven.runtime_3.9.900.20240824-1409\jars\wagon-file-3.5.3.jar
2024-09-22 12:11:54,356 [Worker-13: Launching mavenrun-58fd6e42-df32-434c-8d63-cd1e23809d1d] INFO  o.eclipse.m2e.core.internal.Bundles - 	Entry: C:\Users\ANUSHA\Downloads\eclipse-java-2024-09-R-win32-x86_64\eclipse\plugins\org.eclipse.m2e.maven.runtime_3.9.900.20240824-1409\jars\wagon-http-3.5.3.jar
2024-09-22 12:11:54,358 [Worker-13: Launching mavenrun-58fd6e42-df32-434c-8d63-cd1e23809d1d] INFO  o.eclipse.m2e.core.internal.Bundles - 	Entry: C:\Users\ANUSHA\Downloads\eclipse-java-2024-09-R-win32-x86_64\eclipse\plugins\org.eclipse.m2e.maven.runtime_3.9.900.20240824-1409\jars\wagon-http-shared-3.5.3.jar
2024-09-22 12:11:54,359 [Worker-13: Launching mavenrun-58fd6e42-df32-434c-8d63-cd1e23809d1d] INFO  o.eclipse.m2e.core.internal.Bundles - 	Entry: C:\Users\ANUSHA\Downloads\eclipse-java-2024-09-R-win32-x86_64\eclipse\plugins\org.eclipse.m2e.maven.runtime_3.9.900.20240824-1409\jars\wagon-provider-api-3.5.3.jar
2024-09-22 12:11:54,364 [Worker-13: Launching mavenrun-58fd6e42-df32-434c-8d63-cd1e23809d1d] INFO  o.eclipse.m2e.core.internal.Bundles - getClasspathEntries(Bundle=com.google.guava_33.3.0.jre [10])
2024-09-22 12:11:54,366 [Worker-13: Launching mavenrun-58fd6e42-df32-434c-8d63-cd1e23809d1d] INFO  o.eclipse.m2e.core.internal.Bundles - 	Entry: C:\Users\ANUSHA\Downloads\eclipse-java-2024-09-R-win32-x86_64\eclipse\plugins\com.google.guava_33.3.0.jre.jar
2024-09-22 12:11:54,367 [Worker-13: Launching mavenrun-58fd6e42-df32-434c-8d63-cd1e23809d1d] INFO  o.eclipse.m2e.core.internal.Bundles - getClasspathEntries(Bundle=slf4j.api_2.0.16 [522])
2024-09-22 12:11:54,368 [Worker-13: Launching mavenrun-58fd6e42-df32-434c-8d63-cd1e23809d1d] INFO  o.eclipse.m2e.core.internal.Bundles - 	Entry: C:\Users\ANUSHA\Downloads\eclipse-java-2024-09-R-win32-x86_64\eclipse\plugins\slf4j.api_2.0.16.jar
2024-09-22 12:11:54,368 [Worker-13: Launching mavenrun-58fd6e42-df32-434c-8d63-cd1e23809d1d] INFO  o.eclipse.m2e.core.internal.Bundles - getClasspathEntries(Bundle=jakarta.inject.jakarta.inject-api_1.0.5 [22])
2024-09-22 12:11:54,370 [Worker-13: Launching mavenrun-58fd6e42-df32-434c-8d63-cd1e23809d1d] INFO  o.eclipse.m2e.core.internal.Bundles - 	Entry: C:\Users\ANUSHA\Downloads\eclipse-java-2024-09-R-win32-x86_64\eclipse\plugins\jakarta.inject.jakarta.inject-api_1.0.5.jar
2024-09-22 12:11:54,371 [Worker-13: Launching mavenrun-58fd6e42-df32-434c-8d63-cd1e23809d1d] INFO  o.eclipse.m2e.core.internal.Bundles - getClasspathEntries(Bundle=jakarta.annotation-api_1.3.5 [20])
2024-09-22 12:11:54,373 [Worker-13: Launching mavenrun-58fd6e42-df32-434c-8d63-cd1e23809d1d] INFO  o.eclipse.m2e.core.internal.Bundles - 	Entry: C:\Users\ANUSHA\Downloads\eclipse-java-2024-09-R-win32-x86_64\eclipse\plugins\jakarta.annotation-api_1.3.5.jar
2024-09-22 12:11:54,373 [Worker-13: Launching mavenrun-58fd6e42-df32-434c-8d63-cd1e23809d1d] INFO  o.eclipse.m2e.core.internal.Bundles - getClasspathEntries(Bundle=org.apache.commons.cli_1.9.0 [47])
2024-09-22 12:11:54,375 [Worker-13: Launching mavenrun-58fd6e42-df32-434c-8d63-cd1e23809d1d] INFO  o.eclipse.m2e.core.internal.Bundles - 	Entry: C:\Users\ANUSHA\Downloads\eclipse-java-2024-09-R-win32-x86_64\eclipse\plugins\org.apache.commons.cli_1.9.0.jar
2024-09-22 12:11:54,375 [Worker-13: Launching mavenrun-58fd6e42-df32-434c-8d63-cd1e23809d1d] INFO  o.eclipse.m2e.core.internal.Bundles - getClasspathEntries(Bundle=org.apache.commons.commons-codec_1.16.0 [50])
2024-09-22 12:11:54,377 [Worker-13: Launching mavenrun-58fd6e42-df32-434c-8d63-cd1e23809d1d] INFO  o.eclipse.m2e.core.internal.Bundles - 	Entry: C:\Users\ANUSHA\Downloads\eclipse-java-2024-09-R-win32-x86_64\eclipse\plugins\org.apache.commons.commons-codec_1.16.0.jar
2024-09-22 12:11:54,377 [Worker-13: Launching mavenrun-58fd6e42-df32-434c-8d63-cd1e23809d1d] INFO  o.eclipse.m2e.core.internal.Bundles - getClasspathEntries(Bundle=com.google.guava.failureaccess_1.0.2 [11])
2024-09-22 12:11:54,379 [Worker-13: Launching mavenrun-58fd6e42-df32-434c-8d63-cd1e23809d1d] INFO  o.eclipse.m2e.core.internal.Bundles - 	Entry: C:\Users\ANUSHA\Downloads\eclipse-java-2024-09-R-win32-x86_64\eclipse\plugins\com.google.guava.failureaccess_1.0.2.jar
2024-09-22 12:11:54,399 [Worker-13: Launching mavenrun-58fd6e42-df32-434c-8d63-cd1e23809d1d] INFO  o.e.m.i.launch.MavenLaunchDelegate - Run build in "C:\Users\ANUSHA\AppData\Local\Temp\m2e-archetypeGenerator13105455701054937208":
2024-09-22 12:11:54,411 [Worker-13: Launching mavenrun-58fd6e42-df32-434c-8d63-cd1e23809d1d] INFO  o.e.m.i.launch.MavenLaunchDelegate -  mvn  -DarchetypeGroupId=org.apache.maven.archetypes -DarchetypeArtifactId=maven-archetype-quickstart -DarchetypeVersion=1.1 -DgroupId=const -DartifactId=Business -Dversion=0.0.1-SNAPSHOT -Dpackage=const.Business -DoutputDirectory="C:\Users\ANUSHA\Downloads\Selenium Files\Construction" -Dstyle.color=always -U archetype:generate
2024-09-22 12:13:30,529 [Worker-21: Enabling Maven Dependency Management] INFO  o.e.m.c.i.l.LifecycleMappingFactory - Using org.eclipse.m2e.jdt.JarLifecycleMapping lifecycle mapping for MavenProject: RahulShetty:RahulShetty:0.0.1-SNAPSHOT @ C:\Users\ANUSHA\Downloads\Selenium Files\Construction\RahulShetty\pom.xml.
2024-09-22 12:13:33,679 [Worker-8: Building] WARN  o.a.m.s.f.DefaultMavenResourcesFiltering - Using platform encoding (UTF-8 actually) to copy filtered resources, i.e. build is platform dependent!
2024-09-22 12:13:33,682 [Worker-8: Building] INFO  o.a.m.s.f.DefaultMavenResourcesFiltering - skip non existing resourceDirectory C:\Users\ANUSHA\Downloads\Selenium Files\Construction\RahulShetty\src\main\resources
2024-09-22 12:13:33,691 [Worker-8: Building] WARN  o.a.m.s.f.DefaultMavenResourcesFiltering - Using platform encoding (UTF-8 actually) to copy filtered resources, i.e. build is platform dependent!
2024-09-22 12:13:33,693 [Worker-8: Building] INFO  o.a.m.s.f.DefaultMavenResourcesFiltering - skip non existing resourceDirectory C:\Users\ANUSHA\Downloads\Selenium Files\Construction\RahulShetty\src\test\resources
2024-09-22 12:13:34,380 [Worker-21: Enabling Maven Dependency Management] INFO  o.e.m.j.i.AbstractJavaProjectConfigurator - Adding source folder /RahulShetty/src
2024-09-22 12:13:34,385 [Worker-21: Enabling Maven Dependency Management] INFO  o.e.m.j.i.AbstractJavaProjectConfigurator - Resources folder /RahulShetty/src/main/resources overlaps with sources folder /RahulShetty/src
2024-09-22 12:13:34,387 [Worker-21: Enabling Maven Dependency Management] INFO  o.e.m.j.i.AbstractJavaProjectConfigurator - Not adding source folder /RahulShetty/src/test/java because it overlaps with /RahulShetty/src
2024-09-22 12:13:34,390 [Worker-21: Enabling Maven Dependency Management] INFO  o.e.m.j.i.AbstractJavaProjectConfigurator - Resources folder /RahulShetty/src/test/resources overlaps with sources folder /RahulShetty/src
2024-09-22 12:13:34,613 [Worker-21: Enabling Maven Dependency Management] INFO  o.e.m.c.i.p.ProjectConfigurationManager - Update started
2024-09-22 12:13:35,535 [Worker-21: Enabling Maven Dependency Management] INFO  o.e.m.c.i.l.LifecycleMappingFactory - Using org.eclipse.m2e.jdt.JarLifecycleMapping lifecycle mapping for MavenProject: RahulShetty:RahulShetty:0.0.1-SNAPSHOT @ C:\Users\ANUSHA\Downloads\Selenium Files\Construction\RahulShetty\pom.xml.
2024-09-22 12:13:35,886 [Worker-8: Building] WARN  o.a.m.s.f.DefaultMavenResourcesFiltering - Using platform encoding (UTF-8 actually) to copy filtered resources, i.e. build is platform dependent!
2024-09-22 12:13:35,888 [Worker-8: Building] INFO  o.a.m.s.f.DefaultMavenResourcesFiltering - skip non existing resourceDirectory C:\Users\ANUSHA\Downloads\Selenium Files\Construction\RahulShetty\src\main\resources
2024-09-22 12:13:35,898 [Worker-8: Building] WARN  o.a.m.s.f.DefaultMavenResourcesFiltering - Using platform encoding (UTF-8 actually) to copy filtered resources, i.e. build is platform dependent!
2024-09-22 12:13:35,901 [Worker-8: Building] INFO  o.a.m.s.f.DefaultMavenResourcesFiltering - skip non existing resourceDirectory C:\Users\ANUSHA\Downloads\Selenium Files\Construction\RahulShetty\src\test\resources
2024-09-22 12:13:36,583 [Worker-21: Enabling Maven Dependency Management] INFO  o.e.m.j.i.AbstractJavaProjectConfigurator - Adding source folder /RahulShetty/src
2024-09-22 12:13:36,586 [Worker-21: Enabling Maven Dependency Management] INFO  o.e.m.j.i.AbstractJavaProjectConfigurator - Resources folder /RahulShetty/src/main/resources overlaps with sources folder /RahulShetty/src
2024-09-22 12:13:36,587 [Worker-21: Enabling Maven Dependency Management] INFO  o.e.m.j.i.AbstractJavaProjectConfigurator - Not adding source folder /RahulShetty/src/test/java because it overlaps with /RahulShetty/src
2024-09-22 12:13:36,589 [Worker-21: Enabling Maven Dependency Management] INFO  o.e.m.j.i.AbstractJavaProjectConfigurator - Resources folder /RahulShetty/src/test/resources overlaps with sources folder /RahulShetty/src
2024-09-22 12:13:36,671 [Worker-21: Enabling Maven Dependency Management] INFO  o.e.m.c.i.p.ProjectConfigurationManager - Update completed for 1 poms: local refresh takes 0.00 sec, refresh facades takes 1.00 sec, update config takes 0.00 sec 
2024-09-22 12:13:37,600 [Worker-8: Building] WARN  o.a.m.s.f.DefaultMavenResourcesFiltering - Using platform encoding (UTF-8 actually) to copy filtered resources, i.e. build is platform dependent!
2024-09-22 12:13:37,602 [Worker-8: Building] INFO  o.a.m.s.f.DefaultMavenResourcesFiltering - skip non existing resourceDirectory C:\Users\ANUSHA\Downloads\Selenium Files\Construction\RahulShetty\src\main\resources
2024-09-22 12:13:37,605 [Worker-8: Building] WARN  o.a.m.s.f.DefaultMavenResourcesFiltering - Using platform encoding (UTF-8 actually) to copy filtered resources, i.e. build is platform dependent!
2024-09-22 12:13:37,607 [Worker-8: Building] INFO  o.a.m.s.f.DefaultMavenResourcesFiltering - skip non existing resourceDirectory C:\Users\ANUSHA\Downloads\Selenium Files\Construction\RahulShetty\src\test\resources
2024-09-22 12:14:14,778 [Worker-3: Building] WARN  o.a.m.s.f.DefaultMavenResourcesFiltering - Using platform encoding (UTF-8 actually) to copy filtered resources, i.e. build is platform dependent!
2024-09-22 12:14:14,781 [Worker-3: Building] INFO  o.a.m.s.f.DefaultMavenResourcesFiltering - skip non existing resourceDirectory C:\Users\ANUSHA\Downloads\Selenium Files\Construction\RahulShetty\src\main\resources
2024-09-22 12:14:14,786 [Worker-3: Building] WARN  o.a.m.s.f.DefaultMavenResourcesFiltering - Using platform encoding (UTF-8 actually) to copy filtered resources, i.e. build is platform dependent!
2024-09-22 12:14:14,788 [Worker-3: Building] INFO  o.a.m.s.f.DefaultMavenResourcesFiltering - skip non existing resourceDirectory C:\Users\ANUSHA\Downloads\Selenium Files\Construction\RahulShetty\src\test\resources
2024-09-22 12:15:27,806 [Worker-0: Importing Maven projects] INFO  o.e.m.c.i.l.LifecycleMappingFactory - Using org.eclipse.m2e.jdt.JarLifecycleMapping lifecycle mapping for MavenProject: Salesforce:AutomationLive:0.0.1-SNAPSHOT @ D:\project2\pro2\pom.xml.
2024-09-22 12:15:32,085 [Worker-0: Importing Maven projects] INFO  o.e.m.j.i.AbstractJavaProjectConfigurator - Adding source folder /AutomationLive/src/main/java
2024-09-22 12:15:32,090 [Worker-0: Importing Maven projects] INFO  o.e.m.j.i.AbstractJavaProjectConfigurator - Adding resource folder /AutomationLive/src/main/resources
2024-09-22 12:15:32,091 [Worker-0: Importing Maven projects] INFO  o.e.m.j.i.AbstractJavaProjectConfigurator - Adding source folder /AutomationLive/src/test/java
2024-09-22 12:15:32,092 [Worker-0: Importing Maven projects] INFO  o.e.m.j.i.AbstractJavaProjectConfigurator - Adding resource folder /AutomationLive/src/test/resources
2024-09-22 12:15:32,487 [Worker-0: Importing Maven projects] INFO  o.e.m.c.i.p.ProjectConfigurationManager - Imported and configured 1 project(s) in 6 sec
2024-09-22 12:15:33,119 [Worker-1: Building] INFO  o.a.m.s.f.DefaultMavenResourcesFiltering - skip non existing resourceDirectory D:\project2\pro2\src\main\resources
2024-09-22 12:15:33,122 [Worker-1: Building] INFO  o.a.m.s.f.DefaultMavenResourcesFiltering - skip non existing resourceDirectory D:\project2\pro2\src\test\resources
2024-09-22 12:15:47,959 [Worker-7: Building] INFO  o.e.m.c.i.l.LifecycleMappingFactory - Using org.eclipse.m2e.jdt.JarLifecycleMapping lifecycle mapping for MavenProject: Salesforce:AutomationLive:0.0.1-SNAPSHOT @ C:\Users\ANUSHA\Downloads\Selenium Files\Construction\RahulShetty\pom.xml.
2024-09-22 12:15:48,431 [Worker-7: Building] INFO  o.a.m.s.f.DefaultMavenResourcesFiltering - skip non existing resourceDirectory C:\Users\ANUSHA\Downloads\Selenium Files\Construction\RahulShetty\src\main\resources
2024-09-22 12:15:48,436 [Worker-7: Building] INFO  o.a.m.s.f.DefaultMavenResourcesFiltering - skip non existing resourceDirectory C:\Users\ANUSHA\Downloads\Selenium Files\Construction\RahulShetty\src\test\resources
2024-09-22 12:15:48,560 [Worker-20: Updating Maven Project] INFO  o.e.m.c.i.p.ProjectConfigurationManager - Update started
2024-09-22 12:15:48,687 [Worker-20: Updating Maven Project] INFO  o.e.m.c.i.l.LifecycleMappingFactory - Using org.eclipse.m2e.jdt.JarLifecycleMapping lifecycle mapping for MavenProject: Salesforce:AutomationLive:0.0.1-SNAPSHOT @ C:\Users\ANUSHA\Downloads\Selenium Files\Construction\RahulShetty\pom.xml.
2024-09-22 12:15:49,679 [Worker-20: Updating Maven Project] INFO  o.e.m.j.i.AbstractJavaProjectConfigurator - Not adding source folder /RahulShetty/src/main/java because it overlaps with /RahulShetty/src
2024-09-22 12:15:49,680 [Worker-20: Updating Maven Project] INFO  o.e.m.j.i.AbstractJavaProjectConfigurator - Adding resource folder /RahulShetty/src/main/resources
2024-09-22 12:15:49,681 [Worker-20: Updating Maven Project] INFO  o.e.m.j.i.AbstractJavaProjectConfigurator - Not adding source folder /RahulShetty/src/test/java because it overlaps with /RahulShetty/src
2024-09-22 12:15:49,682 [Worker-20: Updating Maven Project] INFO  o.e.m.j.i.AbstractJavaProjectConfigurator - Adding resource folder /RahulShetty/src/test/resources
2024-09-22 12:15:50,294 [Worker-20: Updating Maven Project] INFO  o.e.m.c.i.p.ProjectConfigurationManager - Update completed for 1 poms: local refresh takes 0.00 sec, refresh facades takes 1.00 sec, update config takes 0.00 sec 
2024-09-22 12:15:50,417 [Worker-1: Building] INFO  o.a.m.s.f.DefaultMavenResourcesFiltering - skip non existing resourceDirectory C:\Users\ANUSHA\Downloads\Selenium Files\Construction\RahulShetty\src\main\resources
2024-09-22 12:15:50,422 [Worker-1: Building] INFO  o.a.m.s.f.DefaultMavenResourcesFiltering - skip non existing resourceDirectory C:\Users\ANUSHA\Downloads\Selenium Files\Construction\RahulShetty\src\test\resources
2024-09-22 12:17:32,472 [Worker-17: Building] INFO  o.a.m.s.f.DefaultMavenResourcesFiltering - skip non existing resourceDirectory C:\Users\ANUSHA\Downloads\Selenium Files\Construction\RahulShetty\src\main\resources
2024-09-22 12:17:32,476 [Worker-17: Building] INFO  o.a.m.s.f.DefaultMavenResourcesFiltering - skip non existing resourceDirectory C:\Users\ANUSHA\Downloads\Selenium Files\Construction\RahulShetty\src\test\resources
2024-09-22 12:21:20,798 [Worker-1: Importing Maven projects] INFO  o.e.m.c.i.l.LifecycleMappingFactory - Using org.eclipse.m2e.jdt.JarLifecycleMapping lifecycle mapping for MavenProject: Academy:E2EProject:1.0-SNAPSHOT @ C:\Users\ANUSHA\Downloads\E2EProject\E2EProject\pom.xml.
2024-09-22 12:21:22,397 [Worker-1: Importing Maven projects] INFO  o.e.m.c.i.l.LifecycleMappingFactory - Using org.eclipse.m2e.jdt.JarLifecycleMapping lifecycle mapping for MavenProject: Practice:New:0.0.1-SNAPSHOT @ C:\Users\ANUSHA\Downloads\E2EProject\New\pom.xml.
2024-09-22 12:21:25,130 [Worker-1: Importing Maven projects] INFO  o.e.m.j.i.AbstractJavaProjectConfigurator - Adding source folder /E2EProject/src/main/java
2024-09-22 12:21:25,131 [Worker-1: Importing Maven projects] INFO  o.e.m.j.i.AbstractJavaProjectConfigurator - Resources folder /E2EProject/src/main/java/resources overlaps with sources folder /E2EProject/src/main/java
2024-09-22 12:21:25,132 [Worker-1: Importing Maven projects] INFO  o.e.m.j.i.AbstractJavaProjectConfigurator - Adding source folder /E2EProject/src/test/java
2024-09-22 12:21:25,133 [Worker-1: Importing Maven projects] INFO  o.e.m.j.i.AbstractJavaProjectConfigurator - Adding resource folder /E2EProject/src/test/resources
2024-09-22 12:21:25,329 [Worker-1: Importing Maven projects] INFO  o.e.m.j.i.AbstractJavaProjectConfigurator - Adding source folder /New/src/main/java
2024-09-22 12:21:25,331 [Worker-1: Importing Maven projects] INFO  o.e.m.j.i.AbstractJavaProjectConfigurator - Adding resource folder /New/src/main/resources
2024-09-22 12:21:25,332 [Worker-1: Importing Maven projects] INFO  o.e.m.j.i.AbstractJavaProjectConfigurator - Adding source folder /New/src/test/java
2024-09-22 12:21:25,333 [Worker-1: Importing Maven projects] INFO  o.e.m.j.i.AbstractJavaProjectConfigurator - Adding resource folder /New/src/test/resources
2024-09-22 12:21:25,386 [Worker-1: Importing Maven projects] INFO  o.e.m.c.i.p.ProjectConfigurationManager - Imported and configured 2 project(s) in 4 sec
2024-09-22 12:21:25,522 [Worker-23: Updating Maven Project] INFO  o.e.m.c.i.p.ProjectConfigurationManager - Update started
2024-09-22 12:21:25,690 [Worker-23: Updating Maven Project] INFO  o.e.m.c.i.l.LifecycleMappingFactory - Using org.eclipse.m2e.jdt.JarLifecycleMapping lifecycle mapping for MavenProject: Academy:E2EProject:1.0-SNAPSHOT @ C:\Users\ANUSHA\Downloads\E2EProject\E2EProject\pom.xml.
2024-09-22 12:21:26,031 [Worker-23: Updating Maven Project] INFO  o.e.m.c.i.l.LifecycleMappingFactory - Using org.eclipse.m2e.jdt.JarLifecycleMapping lifecycle mapping for MavenProject: Practice:New:0.0.1-SNAPSHOT @ C:\Users\ANUSHA\Downloads\E2EProject\New\pom.xml.
2024-09-22 12:21:26,291 [Worker-23: Updating Maven Project] INFO  o.e.m.j.i.AbstractJavaProjectConfigurator - Adding source folder /E2EProject/src/main/java
2024-09-22 12:21:26,292 [Worker-23: Updating Maven Project] INFO  o.e.m.j.i.AbstractJavaProjectConfigurator - Resources folder /E2EProject/src/main/java/resources overlaps with sources folder /E2EProject/src/main/java
2024-09-22 12:21:26,293 [Worker-23: Updating Maven Project] INFO  o.e.m.j.i.AbstractJavaProjectConfigurator - Adding source folder /E2EProject/src/test/java
2024-09-22 12:21:26,294 [Worker-23: Updating Maven Project] INFO  o.e.m.j.i.AbstractJavaProjectConfigurator - Adding resource folder /E2EProject/src/test/resources
2024-09-22 12:21:26,434 [Worker-23: Updating Maven Project] INFO  o.e.m.j.i.AbstractJavaProjectConfigurator - Adding source folder /New/src/main/java
2024-09-22 12:21:26,435 [Worker-23: Updating Maven Project] INFO  o.e.m.j.i.AbstractJavaProjectConfigurator - Adding resource folder /New/src/main/resources
2024-09-22 12:21:26,436 [Worker-23: Updating Maven Project] INFO  o.e.m.j.i.AbstractJavaProjectConfigurator - Adding source folder /New/src/test/java
2024-09-22 12:21:26,437 [Worker-23: Updating Maven Project] INFO  o.e.m.j.i.AbstractJavaProjectConfigurator - Adding resource folder /New/src/test/resources
2024-09-22 12:21:26,571 [Worker-23: Updating Maven Project] INFO  o.e.m.c.i.p.ProjectConfigurationManager - Update completed for 2 poms: local refresh takes 0.00 sec, refresh facades takes 0.00 sec, update config takes 0.00 sec 
2024-09-22 12:21:26,968 [Worker-20: Building] WARN  o.e.m.c.i.embedder.EclipseLogger - File encoding has not been set, using platform encoding UTF-8. Build is platform dependent!
2024-09-22 12:21:26,970 [Worker-20: Building] WARN  o.e.m.c.i.embedder.EclipseLogger - See https://maven.apache.org/general.html#encoding-warning
2024-09-22 12:21:26,972 [Worker-20: Building] WARN  o.a.m.s.f.DefaultMavenResourcesFiltering - Using platform encoding (UTF-8 actually) to copy filtered resources, i.e. build is platform dependent!
2024-09-22 12:21:26,993 [Worker-20: Building] INFO  o.a.m.s.f.DefaultMavenResourcesFiltering - Copying 4 resources from src\main\java\resources to target\classes
2024-09-22 12:21:27,064 [Worker-20: Building] INFO  o.a.m.s.f.DefaultMavenResourcesFiltering - The encoding used to copy filtered properties files have not been set. This means that the same encoding will be used to copy filtered properties files as when copying other filtered resources. This might not be what you want! Run your build with --debug to see which files might be affected. Read more at https://maven.apache.org/plugins/maven-resources-plugin/examples/filtering-properties-files.html
2024-09-22 12:21:27,068 [Worker-20: Building] WARN  o.a.m.s.f.DefaultMavenResourcesFiltering - Using platform encoding (UTF-8 actually) to copy filtered resources, i.e. build is platform dependent!
2024-09-22 12:21:27,070 [Worker-20: Building] INFO  o.a.m.s.f.DefaultMavenResourcesFiltering - skip non existing resourceDirectory C:\Users\ANUSHA\Downloads\E2EProject\E2EProject\src\test\resources
2024-09-22 12:21:27,219 [Worker-20: Building] INFO  o.a.m.s.f.DefaultMavenResourcesFiltering - skip non existing resourceDirectory C:\Users\ANUSHA\Downloads\E2EProject\New\src\main\resources
2024-09-22 12:21:27,223 [Worker-20: Building] INFO  o.a.m.s.f.DefaultMavenResourcesFiltering - skip non existing resourceDirectory C:\Users\ANUSHA\Downloads\E2EProject\New\src\test\resources
2024-09-22 12:21:39,216 [Worker-20: Building] INFO  o.e.m.c.i.l.LifecycleMappingFactory - Using org.eclipse.m2e.jdt.JarLifecycleMapping lifecycle mapping for MavenProject: Academy:E2EProject:1.0-SNAPSHOT @ C:\Users\ANUSHA\Downloads\Selenium Files\Construction\RahulShetty\pom.xml.
2024-09-22 12:21:39,467 [Worker-20: Building] WARN  o.e.m.c.i.embedder.EclipseLogger - File encoding has not been set, using platform encoding UTF-8. Build is platform dependent!
2024-09-22 12:21:39,468 [Worker-20: Building] WARN  o.e.m.c.i.embedder.EclipseLogger - See https://maven.apache.org/general.html#encoding-warning
2024-09-22 12:21:39,470 [Worker-20: Building] WARN  o.a.m.s.f.DefaultMavenResourcesFiltering - Using platform encoding (UTF-8 actually) to copy filtered resources, i.e. build is platform dependent!
2024-09-22 12:21:39,472 [Worker-20: Building] INFO  o.a.m.s.f.DefaultMavenResourcesFiltering - skip non existing resourceDirectory C:\Users\ANUSHA\Downloads\Selenium Files\Construction\RahulShetty\src\main\java\resources
2024-09-22 12:21:39,475 [Worker-20: Building] WARN  o.a.m.s.f.DefaultMavenResourcesFiltering - Using platform encoding (UTF-8 actually) to copy filtered resources, i.e. build is platform dependent!
2024-09-22 12:21:39,477 [Worker-20: Building] INFO  o.a.m.s.f.DefaultMavenResourcesFiltering - skip non existing resourceDirectory C:\Users\ANUSHA\Downloads\Selenium Files\Construction\RahulShetty\src\test\resources
2024-09-22 12:21:57,277 [Worker-20: Building] WARN  o.e.m.c.i.embedder.EclipseLogger - File encoding has not been set, using platform encoding UTF-8. Build is platform dependent!
2024-09-22 12:21:57,278 [Worker-20: Building] WARN  o.e.m.c.i.embedder.EclipseLogger - See https://maven.apache.org/general.html#encoding-warning
2024-09-22 12:21:57,279 [Worker-20: Building] WARN  o.a.m.s.f.DefaultMavenResourcesFiltering - Using platform encoding (UTF-8 actually) to copy filtered resources, i.e. build is platform dependent!
2024-09-22 12:21:57,281 [Worker-20: Building] INFO  o.a.m.s.f.DefaultMavenResourcesFiltering - skip non existing resourceDirectory C:\Users\ANUSHA\Downloads\Selenium Files\Construction\RahulShetty\src\main\java\resources
2024-09-22 12:21:57,283 [Worker-20: Building] WARN  o.a.m.s.f.DefaultMavenResourcesFiltering - Using platform encoding (UTF-8 actually) to copy filtered resources, i.e. build is platform dependent!
2024-09-22 12:21:57,284 [Worker-20: Building] INFO  o.a.m.s.f.DefaultMavenResourcesFiltering - skip non existing resourceDirectory C:\Users\ANUSHA\Downloads\Selenium Files\Construction\RahulShetty\src\test\resources
2024-09-22 12:22:16,724 [Worker-23: Building] WARN  o.e.m.c.i.embedder.EclipseLogger - File encoding has not been set, using platform encoding UTF-8. Build is platform dependent!
2024-09-22 12:22:16,726 [Worker-23: Building] WARN  o.e.m.c.i.embedder.EclipseLogger - See https://maven.apache.org/general.html#encoding-warning
2024-09-22 12:22:16,727 [Worker-23: Building] WARN  o.a.m.s.f.DefaultMavenResourcesFiltering - Using platform encoding (UTF-8 actually) to copy filtered resources, i.e. build is platform dependent!
2024-09-22 12:22:16,729 [Worker-23: Building] INFO  o.a.m.s.f.DefaultMavenResourcesFiltering - skip non existing resourceDirectory C:\Users\ANUSHA\Downloads\Selenium Files\Construction\RahulShetty\src\main\java\resources
2024-09-22 12:22:16,732 [Worker-23: Building] WARN  o.a.m.s.f.DefaultMavenResourcesFiltering - Using platform encoding (UTF-8 actually) to copy filtered resources, i.e. build is platform dependent!
2024-09-22 12:22:16,734 [Worker-23: Building] INFO  o.a.m.s.f.DefaultMavenResourcesFiltering - skip non existing resourceDirectory C:\Users\ANUSHA\Downloads\Selenium Files\Construction\RahulShetty\src\test\resources
2024-09-23 11:42:27,607 [Worker-7: Building] WARN  o.e.m.c.i.embedder.EclipseLogger - File encoding has not been set, using platform encoding UTF-8. Build is platform dependent!
2024-09-23 11:42:27,624 [Worker-7: Building] WARN  o.e.m.c.i.embedder.EclipseLogger - See https://maven.apache.org/general.html#encoding-warning
2024-09-23 11:42:27,628 [Worker-7: Building] WARN  o.a.m.s.f.DefaultMavenResourcesFiltering - Using platform encoding (UTF-8 actually) to copy filtered resources, i.e. build is platform dependent!
2024-09-23 11:42:27,645 [Worker-7: Building] INFO  o.a.m.s.f.DefaultMavenResourcesFiltering - Copying 4 resources from src\main\java\resources to target\classes
2024-09-23 11:42:27,836 [Worker-7: Building] INFO  o.a.m.s.f.DefaultMavenResourcesFiltering - The encoding used to copy filtered properties files have not been set. This means that the same encoding will be used to copy filtered properties files as when copying other filtered resources. This might not be what you want! Run your build with --debug to see which files might be affected. Read more at https://maven.apache.org/plugins/maven-resources-plugin/examples/filtering-properties-files.html
2024-09-23 11:42:27,842 [Worker-7: Building] WARN  o.a.m.s.f.DefaultMavenResourcesFiltering - Using platform encoding (UTF-8 actually) to copy filtered resources, i.e. build is platform dependent!
2024-09-23 11:42:27,845 [Worker-7: Building] INFO  o.a.m.s.f.DefaultMavenResourcesFiltering - skip non existing resourceDirectory C:\Users\ANUSHA\Downloads\E2EProject\E2EProject\src\test\resources
2024-09-23 11:43:51,258 [Worker-27: Launching Collect] WARN  o.e.m.c.i.embedder.EclipseLogger - File encoding has not been set, using platform encoding UTF-8. Build is platform dependent!
2024-09-23 11:43:51,262 [Worker-27: Launching Collect] WARN  o.e.m.c.i.embedder.EclipseLogger - See https://maven.apache.org/general.html#encoding-warning
2024-09-23 11:43:51,266 [Worker-27: Launching Collect] WARN  o.a.m.s.f.DefaultMavenResourcesFiltering - Using platform encoding (UTF-8 actually) to copy filtered resources, i.e. build is platform dependent!
2024-09-23 11:43:51,273 [Worker-27: Launching Collect] INFO  o.a.m.s.f.DefaultMavenResourcesFiltering - Copying 4 resources from src\main\java\resources to target\classes
2024-09-23 11:43:51,483 [Worker-27: Launching Collect] INFO  o.a.m.s.f.DefaultMavenResourcesFiltering - The encoding used to copy filtered properties files have not been set. This means that the same encoding will be used to copy filtered properties files as when copying other filtered resources. This might not be what you want! Run your build with --debug to see which files might be affected. Read more at https://maven.apache.org/plugins/maven-resources-plugin/examples/filtering-properties-files.html
2024-09-23 11:43:51,487 [Worker-27: Launching Collect] WARN  o.a.m.s.f.DefaultMavenResourcesFiltering - Using platform encoding (UTF-8 actually) to copy filtered resources, i.e. build is platform dependent!
2024-09-23 11:43:51,490 [Worker-27: Launching Collect] INFO  o.a.m.s.f.DefaultMavenResourcesFiltering - skip non existing resourceDirectory C:\Users\ANUSHA\Downloads\E2EProject\E2EProject\src\test\resources
2024-09-23 11:44:49,094 [Worker-27: Building] WARN  o.e.m.c.i.embedder.EclipseLogger - File encoding has not been set, using platform encoding UTF-8. Build is platform dependent!
2024-09-23 11:44:49,098 [Worker-27: Building] WARN  o.e.m.c.i.embedder.EclipseLogger - See https://maven.apache.org/general.html#encoding-warning
2024-09-23 11:44:49,102 [Worker-27: Building] WARN  o.a.m.s.f.DefaultMavenResourcesFiltering - Using platform encoding (UTF-8 actually) to copy filtered resources, i.e. build is platform dependent!
2024-09-23 11:44:49,108 [Worker-27: Building] INFO  o.a.m.s.f.DefaultMavenResourcesFiltering - Copying 4 resources from src\main\java\resources to target\classes
2024-09-23 11:44:49,362 [Worker-27: Building] INFO  o.a.m.s.f.DefaultMavenResourcesFiltering - The encoding used to copy filtered properties files have not been set. This means that the same encoding will be used to copy filtered properties files as when copying other filtered resources. This might not be what you want! Run your build with --debug to see which files might be affected. Read more at https://maven.apache.org/plugins/maven-resources-plugin/examples/filtering-properties-files.html
2024-09-23 11:44:49,373 [Worker-27: Building] WARN  o.a.m.s.f.DefaultMavenResourcesFiltering - Using platform encoding (UTF-8 actually) to copy filtered resources, i.e. build is platform dependent!
2024-09-23 11:44:49,380 [Worker-27: Building] INFO  o.a.m.s.f.DefaultMavenResourcesFiltering - skip non existing resourceDirectory C:\Users\ANUSHA\Downloads\E2EProject\E2EProject\src\test\resources
2024-09-23 11:46:24,430 [Worker-29: Building] INFO  o.e.m.c.i.l.LifecycleMappingFactory - Using org.eclipse.m2e.jdt.JarLifecycleMapping lifecycle mapping for MavenProject: Academy:E2EProject:1.0-SNAPSHOT @ C:\Users\ANUSHA\Downloads\E2EProject\E2EProject\pom.xml.
2024-09-23 11:46:31,802 [Worker-29: Building] WARN  o.e.m.c.i.embedder.EclipseLogger - File encoding has not been set, using platform encoding UTF-8. Build is platform dependent!
2024-09-23 11:46:31,806 [Worker-29: Building] WARN  o.e.m.c.i.embedder.EclipseLogger - See https://maven.apache.org/general.html#encoding-warning
2024-09-23 11:46:31,814 [Worker-29: Building] WARN  o.a.m.s.f.DefaultMavenResourcesFiltering - Using platform encoding (UTF-8 actually) to copy filtered resources, i.e. build is platform dependent!
2024-09-23 11:46:31,822 [Worker-29: Building] INFO  o.a.m.s.f.DefaultMavenResourcesFiltering - Copying 0 resource from src\main\java\resources to target\classes
2024-09-23 11:46:31,827 [Worker-29: Building] WARN  o.a.m.s.f.DefaultMavenResourcesFiltering - Using platform encoding (UTF-8 actually) to copy filtered resources, i.e. build is platform dependent!
2024-09-23 11:46:31,831 [Worker-29: Building] INFO  o.a.m.s.f.DefaultMavenResourcesFiltering - skip non existing resourceDirectory C:\Users\ANUSHA\Downloads\E2EProject\E2EProject\src\test\resources
2024-09-23 11:46:33,243 [Worker-27: Building] WARN  o.e.m.c.i.embedder.EclipseLogger - File encoding has not been set, using platform encoding UTF-8. Build is platform dependent!
2024-09-23 11:46:33,247 [Worker-27: Building] WARN  o.e.m.c.i.embedder.EclipseLogger - See https://maven.apache.org/general.html#encoding-warning
2024-09-23 11:46:33,253 [Worker-27: Building] WARN  o.a.m.s.f.DefaultMavenResourcesFiltering - Using platform encoding (UTF-8 actually) to copy filtered resources, i.e. build is platform dependent!
2024-09-23 11:46:33,259 [Worker-27: Building] INFO  o.a.m.s.f.DefaultMavenResourcesFiltering - Copying 4 resources from src\main\java\resources to target\classes
2024-09-23 11:46:33,287 [Worker-27: Building] INFO  o.a.m.s.f.DefaultMavenResourcesFiltering - The encoding used to copy filtered properties files have not been set. This means that the same encoding will be used to copy filtered properties files as when copying other filtered resources. This might not be what you want! Run your build with --debug to see which files might be affected. Read more at https://maven.apache.org/plugins/maven-resources-plugin/examples/filtering-properties-files.html
2024-09-23 11:46:33,295 [Worker-27: Building] WARN  o.a.m.s.f.DefaultMavenResourcesFiltering - Using platform encoding (UTF-8 actually) to copy filtered resources, i.e. build is platform dependent!
2024-09-23 11:46:33,299 [Worker-27: Building] INFO  o.a.m.s.f.DefaultMavenResourcesFiltering - skip non existing resourceDirectory C:\Users\ANUSHA\Downloads\E2EProject\E2EProject\src\test\resources
2024-09-23 11:46:56,363 [Worker-7: Building] WARN  o.e.m.c.i.embedder.EclipseLogger - File encoding has not been set, using platform encoding UTF-8. Build is platform dependent!
2024-09-23 11:46:56,367 [Worker-7: Building] WARN  o.e.m.c.i.embedder.EclipseLogger - See https://maven.apache.org/general.html#encoding-warning
2024-09-23 11:46:56,371 [Worker-7: Building] WARN  o.a.m.s.f.DefaultMavenResourcesFiltering - Using platform encoding (UTF-8 actually) to copy filtered resources, i.e. build is platform dependent!
2024-09-23 11:46:56,376 [Worker-7: Building] INFO  o.a.m.s.f.DefaultMavenResourcesFiltering - Copying 4 resources from src\main\java\resources to target\classes
2024-09-23 11:46:56,398 [Worker-7: Building] INFO  o.a.m.s.f.DefaultMavenResourcesFiltering - The encoding used to copy filtered properties files have not been set. This means that the same encoding will be used to copy filtered properties files as when copying other filtered resources. This might not be what you want! Run your build with --debug to see which files might be affected. Read more at https://maven.apache.org/plugins/maven-resources-plugin/examples/filtering-properties-files.html
2024-09-23 11:46:56,404 [Worker-7: Building] WARN  o.a.m.s.f.DefaultMavenResourcesFiltering - Using platform encoding (UTF-8 actually) to copy filtered resources, i.e. build is platform dependent!
2024-09-23 11:46:56,408 [Worker-7: Building] INFO  o.a.m.s.f.DefaultMavenResourcesFiltering - skip non existing resourceDirectory C:\Users\ANUSHA\Downloads\E2EProject\E2EProject\src\test\resources
2024-09-23 11:47:20,778 [Worker-30: Building] WARN  o.e.m.c.i.embedder.EclipseLogger - File encoding has not been set, using platform encoding UTF-8. Build is platform dependent!
2024-09-23 11:47:20,781 [Worker-30: Building] WARN  o.e.m.c.i.embedder.EclipseLogger - See https://maven.apache.org/general.html#encoding-warning
2024-09-23 11:47:20,786 [Worker-30: Building] WARN  o.a.m.s.f.DefaultMavenResourcesFiltering - Using platform encoding (UTF-8 actually) to copy filtered resources, i.e. build is platform dependent!
2024-09-23 11:47:20,794 [Worker-30: Building] INFO  o.a.m.s.f.DefaultMavenResourcesFiltering - Copying 4 resources from src\main\java\resources to target\classes
2024-09-23 11:47:20,857 [Worker-30: Building] INFO  o.a.m.s.f.DefaultMavenResourcesFiltering - The encoding used to copy filtered properties files have not been set. This means that the same encoding will be used to copy filtered properties files as when copying other filtered resources. This might not be what you want! Run your build with --debug to see which files might be affected. Read more at https://maven.apache.org/plugins/maven-resources-plugin/examples/filtering-properties-files.html
2024-09-23 11:47:20,861 [Worker-30: Building] WARN  o.a.m.s.f.DefaultMavenResourcesFiltering - Using platform encoding (UTF-8 actually) to copy filtered resources, i.e. build is platform dependent!
2024-09-23 11:47:20,864 [Worker-30: Building] INFO  o.a.m.s.f.DefaultMavenResourcesFiltering - skip non existing resourceDirectory C:\Users\ANUSHA\Downloads\E2EProject\E2EProject\src\test\resources
2024-09-23 11:47:36,376 [Worker-30: Building] WARN  o.e.m.c.i.embedder.EclipseLogger - File encoding has not been set, using platform encoding UTF-8. Build is platform dependent!
2024-09-23 11:47:36,382 [Worker-30: Building] WARN  o.e.m.c.i.embedder.EclipseLogger - See https://maven.apache.org/general.html#encoding-warning
2024-09-23 11:47:36,387 [Worker-30: Building] WARN  o.a.m.s.f.DefaultMavenResourcesFiltering - Using platform encoding (UTF-8 actually) to copy filtered resources, i.e. build is platform dependent!
2024-09-23 11:47:36,393 [Worker-30: Building] INFO  o.a.m.s.f.DefaultMavenResourcesFiltering - Copying 4 resources from src\main\java\resources to target\classes
2024-09-23 11:47:36,462 [Worker-30: Building] INFO  o.a.m.s.f.DefaultMavenResourcesFiltering - The encoding used to copy filtered properties files have not been set. This means that the same encoding will be used to copy filtered properties files as when copying other filtered resources. This might not be what you want! Run your build with --debug to see which files might be affected. Read more at https://maven.apache.org/plugins/maven-resources-plugin/examples/filtering-properties-files.html
2024-09-23 11:47:36,471 [Worker-30: Building] WARN  o.a.m.s.f.DefaultMavenResourcesFiltering - Using platform encoding (UTF-8 actually) to copy filtered resources, i.e. build is platform dependent!
2024-09-23 11:47:36,475 [Worker-30: Building] INFO  o.a.m.s.f.DefaultMavenResourcesFiltering - skip non existing resourceDirectory C:\Users\ANUSHA\Downloads\E2EProject\E2EProject\src\test\resources
2024-09-23 11:47:52,257 [Worker-7: Launching Collect] WARN  o.e.m.c.i.embedder.EclipseLogger - File encoding has not been set, using platform encoding UTF-8. Build is platform dependent!
2024-09-23 11:47:52,260 [Worker-7: Launching Collect] WARN  o.e.m.c.i.embedder.EclipseLogger - See https://maven.apache.org/general.html#encoding-warning
2024-09-23 11:47:52,265 [Worker-7: Launching Collect] WARN  o.a.m.s.f.DefaultMavenResourcesFiltering - Using platform encoding (UTF-8 actually) to copy filtered resources, i.e. build is platform dependent!
2024-09-23 11:47:52,271 [Worker-7: Launching Collect] INFO  o.a.m.s.f.DefaultMavenResourcesFiltering - Copying 4 resources from src\main\java\resources to target\classes
2024-09-23 11:47:52,339 [Worker-7: Launching Collect] INFO  o.a.m.s.f.DefaultMavenResourcesFiltering - The encoding used to copy filtered properties files have not been set. This means that the same encoding will be used to copy filtered properties files as when copying other filtered resources. This might not be what you want! Run your build with --debug to see which files might be affected. Read more at https://maven.apache.org/plugins/maven-resources-plugin/examples/filtering-properties-files.html
2024-09-23 11:47:52,346 [Worker-7: Launching Collect] WARN  o.a.m.s.f.DefaultMavenResourcesFiltering - Using platform encoding (UTF-8 actually) to copy filtered resources, i.e. build is platform dependent!
2024-09-23 11:47:52,348 [Worker-7: Launching Collect] INFO  o.a.m.s.f.DefaultMavenResourcesFiltering - skip non existing resourceDirectory C:\Users\ANUSHA\Downloads\E2EProject\E2EProject\src\test\resources
2024-09-23 11:48:16,818 [Worker-7: Building] WARN  o.e.m.c.i.embedder.EclipseLogger - File encoding has not been set, using platform encoding UTF-8. Build is platform dependent!
2024-09-23 11:48:16,820 [Worker-7: Building] WARN  o.e.m.c.i.embedder.EclipseLogger - See https://maven.apache.org/general.html#encoding-warning
2024-09-23 11:48:16,824 [Worker-7: Building] WARN  o.a.m.s.f.DefaultMavenResourcesFiltering - Using platform encoding (UTF-8 actually) to copy filtered resources, i.e. build is platform dependent!
2024-09-23 11:48:16,829 [Worker-7: Building] INFO  o.a.m.s.f.DefaultMavenResourcesFiltering - Copying 4 resources from src\main\java\resources to target\classes
2024-09-23 11:48:16,948 [Worker-7: Building] INFO  o.a.m.s.f.DefaultMavenResourcesFiltering - The encoding used to copy filtered properties files have not been set. This means that the same encoding will be used to copy filtered properties files as when copying other filtered resources. This might not be what you want! Run your build with --debug to see which files might be affected. Read more at https://maven.apache.org/plugins/maven-resources-plugin/examples/filtering-properties-files.html
2024-09-23 11:48:16,954 [Worker-7: Building] WARN  o.a.m.s.f.DefaultMavenResourcesFiltering - Using platform encoding (UTF-8 actually) to copy filtered resources, i.e. build is platform dependent!
2024-09-23 11:48:16,957 [Worker-7: Building] INFO  o.a.m.s.f.DefaultMavenResourcesFiltering - skip non existing resourceDirectory C:\Users\ANUSHA\Downloads\E2EProject\E2EProject\src\test\resources
2024-09-23 11:48:39,317 [Worker-33: Building] WARN  o.e.m.c.i.embedder.EclipseLogger - File encoding has not been set, using platform encoding UTF-8. Build is platform dependent!
2024-09-23 11:48:39,322 [Worker-33: Building] WARN  o.e.m.c.i.embedder.EclipseLogger - See https://maven.apache.org/general.html#encoding-warning
2024-09-23 11:48:39,328 [Worker-33: Building] WARN  o.a.m.s.f.DefaultMavenResourcesFiltering - Using platform encoding (UTF-8 actually) to copy filtered resources, i.e. build is platform dependent!
2024-09-23 11:48:39,336 [Worker-33: Building] INFO  o.a.m.s.f.DefaultMavenResourcesFiltering - Copying 0 resource from src\main\java\resources to target\classes
2024-09-23 11:48:39,341 [Worker-33: Building] WARN  o.a.m.s.f.DefaultMavenResourcesFiltering - Using platform encoding (UTF-8 actually) to copy filtered resources, i.e. build is platform dependent!
2024-09-23 11:48:39,346 [Worker-33: Building] INFO  o.a.m.s.f.DefaultMavenResourcesFiltering - skip non existing resourceDirectory C:\Users\ANUSHA\Downloads\E2EProject\E2EProject\src\test\resources
2024-09-23 11:48:46,798 [Worker-7: Launching Collect] WARN  o.e.m.c.i.embedder.EclipseLogger - File encoding has not been set, using platform encoding UTF-8. Build is platform dependent!
2024-09-23 11:48:46,802 [Worker-7: Launching Collect] WARN  o.e.m.c.i.embedder.EclipseLogger - See https://maven.apache.org/general.html#encoding-warning
2024-09-23 11:48:46,807 [Worker-7: Launching Collect] WARN  o.a.m.s.f.DefaultMavenResourcesFiltering - Using platform encoding (UTF-8 actually) to copy filtered resources, i.e. build is platform dependent!
2024-09-23 11:48:46,813 [Worker-7: Launching Collect] INFO  o.a.m.s.f.DefaultMavenResourcesFiltering - Copying 4 resources from src\main\java\resources to target\classes
2024-09-23 11:48:46,871 [Worker-7: Launching Collect] INFO  o.a.m.s.f.DefaultMavenResourcesFiltering - The encoding used to copy filtered properties files have not been set. This means that the same encoding will be used to copy filtered properties files as when copying other filtered resources. This might not be what you want! Run your build with --debug to see which files might be affected. Read more at https://maven.apache.org/plugins/maven-resources-plugin/examples/filtering-properties-files.html
2024-09-23 11:48:46,879 [Worker-7: Launching Collect] WARN  o.a.m.s.f.DefaultMavenResourcesFiltering - Using platform encoding (UTF-8 actually) to copy filtered resources, i.e. build is platform dependent!
2024-09-23 11:48:46,883 [Worker-7: Launching Collect] INFO  o.a.m.s.f.DefaultMavenResourcesFiltering - skip non existing resourceDirectory C:\Users\ANUSHA\Downloads\E2EProject\E2EProject\src\test\resources
2024-09-23 11:59:53,482 [Worker-36: Building] WARN  o.e.m.c.i.embedder.EclipseLogger - File encoding has not been set, using platform encoding UTF-8. Build is platform dependent!
2024-09-23 11:59:53,485 [Worker-36: Building] WARN  o.e.m.c.i.embedder.EclipseLogger - See https://maven.apache.org/general.html#encoding-warning
2024-09-23 11:59:53,487 [Worker-36: Building] WARN  o.a.m.s.f.DefaultMavenResourcesFiltering - Using platform encoding (UTF-8 actually) to copy filtered resources, i.e. build is platform dependent!
2024-09-23 11:59:53,491 [Worker-36: Building] INFO  o.a.m.s.f.DefaultMavenResourcesFiltering - Copying 4 resources from src\main\java\resources to target\classes
2024-09-23 11:59:53,566 [Worker-36: Building] INFO  o.a.m.s.f.DefaultMavenResourcesFiltering - The encoding used to copy filtered properties files have not been set. This means that the same encoding will be used to copy filtered properties files as when copying other filtered resources. This might not be what you want! Run your build with --debug to see which files might be affected. Read more at https://maven.apache.org/plugins/maven-resources-plugin/examples/filtering-properties-files.html
2024-09-23 11:59:53,568 [Worker-36: Building] WARN  o.a.m.s.f.DefaultMavenResourcesFiltering - Using platform encoding (UTF-8 actually) to copy filtered resources, i.e. build is platform dependent!
2024-09-23 11:59:53,570 [Worker-36: Building] INFO  o.a.m.s.f.DefaultMavenResourcesFiltering - skip non existing resourceDirectory C:\Users\ANUSHA\Downloads\E2EProject\E2EProject\src\test\resources
2024-09-23 12:11:54,006 [Worker-27: Launching Collect] WARN  o.e.m.c.i.embedder.EclipseLogger - File encoding has not been set, using platform encoding UTF-8. Build is platform dependent!
2024-09-23 12:11:54,009 [Worker-27: Launching Collect] WARN  o.e.m.c.i.embedder.EclipseLogger - See https://maven.apache.org/general.html#encoding-warning
2024-09-23 12:11:54,011 [Worker-27: Launching Collect] WARN  o.a.m.s.f.DefaultMavenResourcesFiltering - Using platform encoding (UTF-8 actually) to copy filtered resources, i.e. build is platform dependent!
2024-09-23 12:11:54,016 [Worker-27: Launching Collect] INFO  o.a.m.s.f.DefaultMavenResourcesFiltering - Copying 4 resources from src\main\java\resources to target\classes
2024-09-23 12:11:54,085 [Worker-27: Launching Collect] INFO  o.a.m.s.f.DefaultMavenResourcesFiltering - The encoding used to copy filtered properties files have not been set. This means that the same encoding will be used to copy filtered properties files as when copying other filtered resources. This might not be what you want! Run your build with --debug to see which files might be affected. Read more at https://maven.apache.org/plugins/maven-resources-plugin/examples/filtering-properties-files.html
2024-09-23 12:11:54,087 [Worker-27: Launching Collect] WARN  o.a.m.s.f.DefaultMavenResourcesFiltering - Using platform encoding (UTF-8 actually) to copy filtered resources, i.e. build is platform dependent!
2024-09-23 12:11:54,089 [Worker-27: Launching Collect] INFO  o.a.m.s.f.DefaultMavenResourcesFiltering - skip non existing resourceDirectory C:\Users\ANUSHA\Downloads\E2EProject\E2EProject\src\test\resources
2024-09-23 12:13:09,543 [Worker-27: Launching Collect] WARN  o.e.m.c.i.embedder.EclipseLogger - File encoding has not been set, using platform encoding UTF-8. Build is platform dependent!
2024-09-23 12:13:09,545 [Worker-27: Launching Collect] WARN  o.e.m.c.i.embedder.EclipseLogger - See https://maven.apache.org/general.html#encoding-warning
2024-09-23 12:13:09,547 [Worker-27: Launching Collect] WARN  o.a.m.s.f.DefaultMavenResourcesFiltering - Using platform encoding (UTF-8 actually) to copy filtered resources, i.e. build is platform dependent!
2024-09-23 12:13:09,551 [Worker-27: Launching Collect] INFO  o.a.m.s.f.DefaultMavenResourcesFiltering - Copying 4 resources from src\main\java\resources to target\classes
2024-09-23 12:13:09,601 [Worker-27: Launching Collect] INFO  o.a.m.s.f.DefaultMavenResourcesFiltering - The encoding used to copy filtered properties files have not been set. This means that the same encoding will be used to copy filtered properties files as when copying other filtered resources. This might not be what you want! Run your build with --debug to see which files might be affected. Read more at https://maven.apache.org/plugins/maven-resources-plugin/examples/filtering-properties-files.html
2024-09-23 12:13:09,604 [Worker-27: Launching Collect] WARN  o.a.m.s.f.DefaultMavenResourcesFiltering - Using platform encoding (UTF-8 actually) to copy filtered resources, i.e. build is platform dependent!
2024-09-23 12:13:09,606 [Worker-27: Launching Collect] INFO  o.a.m.s.f.DefaultMavenResourcesFiltering - skip non existing resourceDirectory C:\Users\ANUSHA\Downloads\E2EProject\E2EProject\src\test\resources
2024-09-23 22:00:46,743 [Worker-50: Building] WARN  o.e.m.c.i.embedder.EclipseLogger - File encoding has not been set, using platform encoding UTF-8. Build is platform dependent!
2024-09-23 22:00:46,756 [Worker-50: Building] WARN  o.e.m.c.i.embedder.EclipseLogger - See https://maven.apache.org/general.html#encoding-warning
2024-09-23 22:00:46,763 [Worker-50: Building] WARN  o.a.m.s.f.DefaultMavenResourcesFiltering - Using platform encoding (UTF-8 actually) to copy filtered resources, i.e. build is platform dependent!
2024-09-23 22:00:46,766 [Worker-50: Building] INFO  o.a.m.s.f.DefaultMavenResourcesFiltering - skip non existing resourceDirectory C:\Users\ANUSHA\Downloads\Selenium Files\Construction\RahulShetty\src\main\java\resources
2024-09-23 22:00:46,771 [Worker-50: Building] WARN  o.a.m.s.f.DefaultMavenResourcesFiltering - Using platform encoding (UTF-8 actually) to copy filtered resources, i.e. build is platform dependent!
2024-09-23 22:00:46,773 [Worker-50: Building] INFO  o.a.m.s.f.DefaultMavenResourcesFiltering - skip non existing resourceDirectory C:\Users\ANUSHA\Downloads\Selenium Files\Construction\RahulShetty\src\test\resources
